13 64 113
36 36 22
66 96 116
50 13 112
22 82 116
39 2 112
34 29 107
45 67 113
80 14 116
57 48 113
32 3 112
48 35 110
92 3 116
53 54 113
1 5 8
66 90 116
48 86 116
12 70 113
16 99 119
55 73 116
76 66 116
64 74 116
81 28 116
54 55 113
87 40 116
59 51 113
94 27 116
92 76 111
19 93 116
59 58 33
35 68 113
25 55 113
52 72 113
96 88 106
80 50 116
50 14 112
84 48 116
85 46 116
95 28 116
40 17 112
17 8 20
6 78 116
5 46 112
62 93 116
46 96 116
30 45 110
8 29 112
84 68 116
40 42 110
86 41 116
66 23 113
35 54 113
8 14 20
31 55 113
31 60 113
43 33 110
73 57 116
70 76 116
38 48 110
56 14 113
89 42 116
27 42 112
30 7 112
22 15 21
1 39 112
97 91 119
68 50 113
12 24 21
40 51 110
86 86 31
10 41 112
86 19 116
33 34 27
78 77 36
65 43 113
15 22 21
33 35 27
85 92 93
62 71 108
61 41 113
57 17 113
73 10 116
9 15 20
13 15 18
50 18 112
53 65 113
91 97 119
27 12 112
95 97 119
7 62 113
46 99 119
16 56 113
71 83 116
14 23 21
39 1 112
26 73 116
77 82 111
87 24 116
43 68 113
66 94 116
74 45 116
30 54 113
15 50 112
2 12 20
3 9 20
41 41 110
71 29 113
27 73 116
80 54 116
87 37 116
67 37 113
44 86 116
70 58 108
2 72 113
5 82 116
23 75 116
20 45 112
90 11 116
72 66 103
84 29 116
62 65 108
8 27 112
82 15 116
27 23 112
21 75 116
41 66 113
6 41 112
67 76 116
95 76 111
66 30 113
77 14 116
48 8 112
74 77 23
20 43 112
81 24 116
47 28 110
47 10 112
0 16 20
64 67 28
51 18 112
21 85 116
22 70 113
63 88 116
70 75 116
42 94 116
12 48 112
69 94 116
7 80 116
31 86 116
93 64 116
